<?xml version="1.0" encoding="UTF-8"?>
<!-- Generated by org.testng.reporters.JUnitReportReporter -->
<testsuite hostname="Millhouse" failures="0" tests="1" name="com.spark.millhouse.selenium.test.ViewDeckTest" time="7.600" errors="0" timestamp="2024-03-15T23:51:17 EDT" skipped="0">
  <testcase classname="com.spark.millhouse.selenium.test.ViewDeckTest" name="testViewDeck" time="7.600"/>
</testsuite> <!-- com.spark.millhouse.selenium.test.ViewDeckTest -->
