<?xml version="1.0" encoding="UTF-8"?>
<!-- Generated by org.testng.reporters.JUnitReportReporter -->
<testsuite hostname="Millhouse" failures="0" tests="1" name="com.spark.millhouse.selenium.test.EditDeckTest" time="9.918" errors="0" timestamp="2024-03-15T23:51:53 EDT" skipped="0">
  <testcase classname="com.spark.millhouse.selenium.test.EditDeckTest" name="testEditDeck" time="9.918"/>
</testsuite> <!-- com.spark.millhouse.selenium.test.EditDeckTest -->
