<?xml version="1.0" encoding="UTF-8"?>
<!-- Generated by org.testng.reporters.JUnitReportReporter -->
<testsuite hostname="Millhouse" failures="0" tests="1" name="com.spark.millhouse.selenium.test.DeckListTest" time="10.707" errors="0" timestamp="2024-03-15T23:55:55 EDT" skipped="0">
  <testcase classname="com.spark.millhouse.selenium.test.DeckListTest" name="testDeckList" time="10.707"/>
</testsuite> <!-- com.spark.millhouse.selenium.test.DeckListTest -->
