<?xml version="1.0" encoding="UTF-8"?>
<!-- Generated by org.testng.reporters.JUnitReportReporter -->
<testsuite hostname="Millhouse" failures="0" tests="1" name="com.spark.millhouse.selenium.test.CreateDeckTest" time="9.322" errors="0" timestamp="2024-03-16T01:20:43 EDT" skipped="0">
  <testcase classname="com.spark.millhouse.selenium.test.CreateDeckTest" name="testCreateDeck" time="9.322"/>
</testsuite> <!-- com.spark.millhouse.selenium.test.CreateDeckTest -->
