<?xml version="1.0" encoding="UTF-8"?>
<!-- Generated by org.testng.reporters.JUnitReportReporter -->
<testsuite hostname="Millhouse" failures="0" tests="1" name="com.spark.millhouse.OverchargeApplicationTests" time="0.013" errors="0" timestamp="2024-03-15T00:14:00 EDT" skipped="0">
  <testcase classname="com.spark.millhouse.OverchargeApplicationTests" name="contextLoads" time="0.013"/>
</testsuite> <!-- com.spark.millhouse.OverchargeApplicationTests -->
