<?xml version="1.0" encoding="UTF-8"?>
<!-- Generated by org.testng.reporters.JUnitReportReporter -->
<testsuite hostname="Millhouse" failures="0" tests="1" name="com.spark.millhouse.selenium.test.LoginTest" time="5.942" errors="0" timestamp="2024-03-16T01:04:54 EDT" skipped="0">
  <testcase classname="com.spark.millhouse.selenium.test.LoginTest" name="testLogin" time="5.942"/>
</testsuite> <!-- com.spark.millhouse.selenium.test.LoginTest -->
